<?xml version="1.0" encoding="UTF-8"?>
<testng-results ignored="0" total="1" passed="1" failed="0" skipped="0">
  <reporter-output>
  </reporter-output>
  <suite started-at="2025-07-16T21:16:24 IST" name="Default suite" finished-at="2025-07-16T21:19:31 IST" duration-ms="186471">
    <groups>
    </groups>
    <test started-at="2025-07-16T21:16:24 IST" name="Default test" finished-at="2025-07-16T21:19:31 IST" duration-ms="186471">
      <class name="testpckg.ChoiceTest">
        <test-method is-config="true" signature="setUp()[pri:0, instance:testpckg.ChoiceTest@7ec7ffd3]" started-at="2025-07-16T21:16:24 IST" name="setUp" finished-at="2025-07-16T21:16:31 IST" duration-ms="7166" status="PASS">
          <reporter-output>
          </reporter-output>
        </test-method> <!-- setUp -->
        <test-method signature="verifyChoice()[pri:0, instance:testpckg.ChoiceTest@7ec7ffd3]" started-at="2025-07-16T21:16:31 IST" name="verifyChoice" finished-at="2025-07-16T21:19:31 IST" duration-ms="179225" status="PASS">
          <reporter-output>
          </reporter-output>
        </test-method> <!-- verifyChoice -->
      </class> <!-- testpckg.ChoiceTest -->
    </test> <!-- Default test -->
  </suite> <!-- Default suite -->
</testng-results>
